2025-09-06 10:48:56,164 - INFO - Database connection established: /home/tjselevani/Desktop/Apps/vscode/python/library_system/library_system.db
2025-09-06 10:48:56,167 - INFO - Generating comprehensive analytics...
2025-09-06 10:48:56,169 - INFO - Loading data from database...
2025-09-06 10:48:56,277 - INFO - Data loaded successfully:
2025-09-06 10:48:56,280 - INFO -   Patrons: 4
2025-09-06 10:48:56,282 - INFO -   Borrowings: 1
2025-09-06 10:48:56,284 - INFO -   Payments: 4
2025-09-06 10:48:56,286 - INFO -   Attendance: 5
2025-09-06 10:48:56,291 - INFO - Generating gender distribution chart...
2025-09-06 10:48:56,322 - INFO - Gender distribution: {'Female': np.int64(2), 'Male': np.int64(2)}
2025-09-06 10:48:56,324 - INFO - Generating institution distribution chart...
2025-09-06 10:48:56,330 - INFO - Top institutions: {'Greenwood Primary': np.int64(1), 'Lakeside University': np.int64(1), 'Community Center': np.int64(1), 'KCL': np.int64(1)}
2025-09-06 10:48:56,333 - INFO - Generating borrowing trends chart...
2025-09-06 10:48:56,345 - INFO - Monthly borrowing trend generated with 1 data points
2025-09-06 10:48:56,347 - INFO - Generating category performance chart...
2025-09-06 10:48:56,400 - INFO - Category performance generated for 1 categories
2025-09-06 10:48:56,403 - INFO - Generating payment status chart...
2025-09-06 10:48:56,407 - INFO - Payment status distribution: {'COMPLETED': np.int64(3), 'PARTIAL': np.int64(1)}
2025-09-06 10:48:56,410 - INFO - Generating daily attendance chart...
2025-09-06 10:48:56,454 - INFO - Daily attendance chart generated for 31 days
2025-09-06 10:48:56,455 - INFO - Generating revenue chart...
2025-09-06 10:48:56,470 - INFO - Revenue chart generated for 1 months
2025-09-06 10:48:56,474 - INFO - All analytics generated successfully!
2025-09-06 10:48:56,478 - INFO - Generating comprehensive analytics...
2025-09-06 10:48:56,489 - INFO - Loading data from database...
2025-09-06 10:48:56,539 - INFO - Data loaded successfully:
2025-09-06 10:48:56,541 - INFO -   Patrons: 4
2025-09-06 10:48:56,543 - INFO -   Borrowings: 1
2025-09-06 10:48:56,545 - INFO -   Payments: 4
2025-09-06 10:48:56,550 - INFO -   Attendance: 5
2025-09-06 10:48:56,551 - INFO - Generating gender distribution chart...
2025-09-06 10:48:56,555 - INFO - Gender distribution: {'Female': np.int64(2), 'Male': np.int64(2)}
2025-09-06 10:48:56,558 - INFO - Generating institution distribution chart...
2025-09-06 10:48:56,561 - INFO - Top institutions: {'Greenwood Primary': np.int64(1), 'Lakeside University': np.int64(1), 'Community Center': np.int64(1), 'KCL': np.int64(1)}
2025-09-06 10:48:56,565 - INFO - Generating borrowing trends chart...
2025-09-06 10:48:56,572 - INFO - Monthly borrowing trend generated with 1 data points
2025-09-06 10:48:56,577 - INFO - Generating category performance chart...
2025-09-06 10:48:56,592 - INFO - Category performance generated for 1 categories
2025-09-06 10:48:56,598 - INFO - Generating payment status chart...
2025-09-06 10:48:56,604 - INFO - Payment status distribution: {'COMPLETED': np.int64(3), 'PARTIAL': np.int64(1)}
2025-09-06 10:48:56,606 - INFO - Generating daily attendance chart...
2025-09-06 10:48:56,623 - INFO - Daily attendance chart generated for 31 days
2025-09-06 10:48:56,626 - INFO - Generating revenue chart...
2025-09-06 10:48:56,634 - INFO - Revenue chart generated for 1 months
2025-09-06 10:48:56,637 - INFO - All analytics generated successfully!
2025-09-06 10:48:56,640 - INFO - Analytics saved to library_analytics.json
